This is LuaTeX, Version 1.0.4 (MiKTeX 2.9.6350 64-bit)  (format=lualatex 2017.7.21)  4 AUG 2017 01:02
 restricted system commands enabled.
**apcompsci.tex
(./apcompsci.tex
LaTeX2e <2017-04-15>
Lua module: luaotfload-main 2017/01/29 2.80001 OpenType layout system.
Lua module: lualibs 2017-02-01 2.5 ConTeXt Lua standard libraries.
Lua module: lualibs-extended 2017-02-01 2.5 ConTeXt Lua libraries -- extended co
llection.(using cache: C:/Users/brand/AppData/Local/MiKTeX/2.9/luatex-cache/gene
ric)
luaotfload | conf : Root cache directory is C:/Users/brand/AppData/Local/MiKTeX/
2.9/luatex-cache/generic/names.
luaotfload | init : Loading fontloader “fontloader-2017-02-11.lua” from kpse
-resolved path “C:/Users/brand/AppData/Local/Programs/MiKTeX 2.9/tex/luatex/lu
aotfload/fontloader-2017-02-11.lua”.
Lua-only attribute luaotfload@state = 1
Lua-only attribute luaotfload@noligature = 2
Lua-only attribute luaotfload@syllabe = 3
luaotfload | init : Context OpenType loader version “3.027”
Inserting `luaotfload.node_processor' at position 1 in `pre_linebreak_filter'.
Inserting `luaotfload.node_processor' at position 1 in `hpack_filter'.
Inserting `luaotfload.define_font' at position 1 in `define_font'.
Lua-only attribute luaotfload_color_attribute = 4
luaotfload | conf : Root cache directory is C:/Users/brand/AppData/Local/MiKTeX/
2.9/luatex-cache/generic/names.
Inserting `luaotfload.aux.set_sscale_dimens' at position 1 in `luaotfload.patch_
font'.
Inserting `luaotfload.aux.patch_cambria_domh' at position 2 in `luaotfload.patch
_font'.
Inserting `luaotfload.aux.fixup_fontdata' at position 1 in `luaotfload.patch_fon
t_unsafe'.
Inserting `luaotfload.aux.set_capheight' at position 3 in `luaotfload.patch_font
'.
Inserting `luaotfload.rewrite_fontname' at position 4 in `luaotfload.patch_font'
.
luaotfload | main : initialization completed in 0.647 seconds
Babel <3.10> and hyphenation patterns for 1 language(s) loaded.
("C:/Users/brand/AppData/Local/Programs/MiKTeX 2.9/tex/latex/base/article.cls"
Document Class: article 2014/09/29 v1.4h Standard LaTeX document class
("C:/Users/brand/AppData/Local/Programs/MiKTeX 2.9/tex/latex/base/size10.clo"
File: size10.clo 2014/09/29 v1.4h Standard LaTeX file (size option)
luaotfload | db : Font names database loaded from C:/Users/brand/AppData/Local/M
iKTeX/2.9/luatex-cache/generic/names/luaotfload-names.luc(load luc: C:/Users/bra
nd/AppData/Local/MiKTeX/2.9/luatex-cache/generic/fonts/otl/lmroman10-regular.luc
))
\c@part=\count79
\c@section=\count80
\c@subsection=\count81
\c@subsubsection=\count82
\c@paragraph=\count83
\c@subparagraph=\count84
\c@figure=\count85
\c@table=\count86
\abovecaptionskip=\skip41
\belowcaptionskip=\skip42
\bibindent=\dimen102
)
("C:/Users/brand/AppData/Local/Programs/MiKTeX 2.9/tex/latex/hyperref/hyperref.
sty"
Package: hyperref 2017/03/14 v6.85a Hypertext links for LaTeX

("C:/Users/brand/AppData/Local/Programs/MiKTeX 2.9/tex/generic/oberdiek/hobsub-
hyperref.sty"
Package: hobsub-hyperref 2016/05/16 v1.14 Bundle oberdiek, subset hyperref (HO)

("C:/Users/brand/AppData/Local/Programs/MiKTeX 2.9/tex/generic/oberdiek/hobsub-
generic.sty"
Package: hobsub-generic 2016/05/16 v1.14 Bundle oberdiek, subset generic (HO)
Package: hobsub 2016/05/16 v1.14 Construct package bundles (HO)
Package: infwarerr 2016/05/16 v1.4 Providing info/warning/error messages (HO)
Package: ltxcmds 2016/05/16 v1.23 LaTeX kernel commands for general use (HO)
Package: ifluatex 2016/05/16 v1.4 Provides the ifluatex switch (HO)
Package ifluatex Info: LuaTeX detected.
Package: ifvtex 2016/05/16 v1.6 Detect VTeX and its facilities (HO)
Package ifvtex Info: VTeX not detected.
Package: intcalc 2016/05/16 v1.2 Expandable calculations with integers (HO)
Package: ifpdf 2017/03/15 v3.2 Provides the ifpdf switch
Package: etexcmds 2016/05/16 v1.6 Avoid name clashes with e-TeX commands (HO)
Package: kvsetkeys 2016/05/16 v1.17 Key value parser (HO)
Package: kvdefinekeys 2016/05/16 v1.4 Define keys (HO)
Package: luatex-loader 2016/05/16 v0.6 Lua module loader (HO)

(C:/Users/brand/AppData/Local/Programs/MiKTeX 2.9/scripts/oberdiek/oberdiek.luat
ex.lua)
Package: pdftexcmds 2017/03/19 v0.25 Utility functions of pdfTeX for LuaTeX (HO)

Package pdftexcmds Info: \pdf@primitive is available.
Package pdftexcmds Info: \pdf@ifprimitive is available.
Package pdftexcmds Info: \pdfdraftmode found.
\pdftexcmds@toks=\toks14
Package: pdfescape 2016/05/16 v1.14 Implements pdfTeX's escape features (HO)
Package: bigintcalc 2016/05/16 v1.4 Expandable calculations on big integers (HO)

Package: bitset 2016/05/16 v1.2 Handle bit-vector datatype (HO)
Package: uniquecounter 2016/05/16 v1.3 Provide unlimited unique counter (HO)
)
Package hobsub Info: Skipping package `hobsub' (already loaded).
Package: letltxmacro 2016/05/16 v1.5 Let assignment for LaTeX macros (HO)
Package: hopatch 2016/05/16 v1.3 Wrapper for package hooks (HO)
Package: xcolor-patch 2016/05/16 xcolor patch
Package: atveryend 2016/05/16 v1.9 Hooks at the very end of document (HO)
Package atveryend Info: \enddocument detected (standard20110627).
Package: atbegshi 2016/06/09 v1.18 At begin shipout hook (HO)
Package: refcount 2016/05/16 v3.5 Data extraction from label references (HO)
Package: hycolor 2016/05/16 v1.8 Color options for hyperref/bookmark (HO)
)
("C:/Users/brand/AppData/Local/Programs/MiKTeX 2.9/tex/latex/graphics/keyval.st
y"
Package: keyval 2014/10/28 v1.15 key=value parser (DPC)
\KV@toks@=\toks15
)
("C:/Users/brand/AppData/Local/Programs/MiKTeX 2.9/tex/generic/ifxetex/ifxetex.
sty"
Package: ifxetex 2010/09/12 v0.6 Provides ifxetex conditional
)
("C:/Users/brand/AppData/Local/Programs/MiKTeX 2.9/tex/latex/oberdiek/auxhook.s
ty"
Package: auxhook 2016/05/16 v1.4 Hooks for auxiliary files (HO)
)
("C:/Users/brand/AppData/Local/Programs/MiKTeX 2.9/tex/latex/oberdiek/kvoptions
.sty"
Package: kvoptions 2016/05/16 v3.12 Key value format for package options (HO)
)
\@linkdim=\dimen103
\Hy@linkcounter=\count87
\Hy@pagecounter=\count88

("C:/Users/brand/AppData/Local/Programs/MiKTeX 2.9/tex/latex/hyperref/pd1enc.de
f"
File: pd1enc.def 2017/03/14 v6.85a Hyperref: PDFDocEncoding definition (HO)
)
\Hy@SavedSpaceFactor=\count89

("C:/Users/brand/AppData/Local/Programs/MiKTeX 2.9/tex/latex/00miktex/hyperref.
cfg"
File: hyperref.cfg 2002/06/06 v1.2 hyperref configuration of TeXLive
)
Package hyperref Info: Hyper figures OFF on input line 4498.
Package hyperref Info: Link nesting OFF on input line 4503.
Package hyperref Info: Hyper index ON on input line 4506.
Package hyperref Info: Plain pages OFF on input line 4513.
Package hyperref Info: Backreferencing OFF on input line 4518.
Package hyperref Info: Implicit mode ON; LaTeX internals redefined.
Package hyperref Info: Bookmarks ON on input line 4751.
\c@Hy@tempcnt=\count90
 ("C:/Users/brand/AppData/Local/Programs/MiKTeX 2.9/tex/latex/url/url.sty"
\Urlmuskip=\muskip10
Package: url 2013/09/16  ver 3.4  Verb mode for urls, etc.
)
LaTeX Info: Redefining \url on input line 5104.
\XeTeXLinkMargin=\dimen104
\Fld@menulength=\count91
\Field@Width=\dimen105
\Fld@charsize=\dimen106
Package hyperref Info: Hyper figures OFF on input line 6358.
Package hyperref Info: Link nesting OFF on input line 6363.
Package hyperref Info: Hyper index ON on input line 6366.
Package hyperref Info: backreferencing OFF on input line 6373.
Package hyperref Info: Link coloring OFF on input line 6378.
Package hyperref Info: Link coloring with OCG OFF on input line 6383.
Package hyperref Info: PDF/A mode OFF on input line 6388.
LaTeX Info: Redefining \ref on input line 6428.
LaTeX Info: Redefining \pageref on input line 6432.
\Hy@abspage=\count92
\c@Item=\count93
\c@Hfootnote=\count94
)

Package hyperref Message: Driver (autodetected): hluatex.


("C:/Users/brand/AppData/Local/Programs/MiKTeX 2.9/tex/latex/hyperref/hluatex.d
ef"
File: hluatex.def 2017/03/14 v6.85a Hyperref driver for luaTeX
\Fld@listcount=\count95
\c@bookmark@seq@number=\count96

("C:/Users/brand/AppData/Local/Programs/MiKTeX 2.9/tex/latex/oberdiek/rerunfile
check.sty"
Package: rerunfilecheck 2016/05/16 v1.8 Rerun checks for auxiliary files (HO)
Package uniquecounter Info: New unique counter `rerunfilecheck' on input line 28
2.
)
\Hy@SectionHShift=\skip43
)
Package hyperref Info: Option `colorlinks' set `true' on input line 8.

("C:/Users/brand/AppData/Local/Programs/MiKTeX 2.9/tex/latex/enumitem/enumitem.
sty"
Package: enumitem 2011/09/28 v3.5.2 Customized lists
\labelindent=\skip44
\enit@outerparindent=\dimen107
\enit@toks=\toks16
\enit@inbox=\box26
\enitdp@description=\count97
)
\c@stepsi=\count98
\enitdp@steps=\count99

("C:/Users/brand/AppData/Local/Programs/MiKTeX 2.9/tex/latex/graphics/graphicx.
sty"
Package: graphicx 2014/10/28 v1.0g Enhanced LaTeX Graphics (DPC,SPQR)

("C:/Users/brand/AppData/Local/Programs/MiKTeX 2.9/tex/latex/graphics/graphics.
sty"
Package: graphics 2017/04/14 v1.1b Standard LaTeX Graphics (DPC,SPQR)

("C:/Users/brand/AppData/Local/Programs/MiKTeX 2.9/tex/latex/graphics/trig.sty"
Package: trig 2016/01/03 v1.10 sin cos tan (DPC)
)
("C:/Users/brand/AppData/Local/Programs/MiKTeX 2.9/tex/latex/graphics-cfg/graph
ics.cfg"
File: graphics.cfg 2016/06/04 v1.11 sample graphics configuration
)
Package graphics Info: Driver file: luatex.def on input line 99.

("C:/Users/brand/AppData/Local/Programs/MiKTeX 2.9/tex/latex/graphics-def/luate
x.def"
File: luatex.def 2017/01/12 v0.01h Graphics/Color for luaTeX
\Gread@gobject=\count100
))
\Gin@req@height=\dimen108
\Gin@req@width=\dimen109
)
("C:/Users/brand/AppData/Local/Programs/MiKTeX 2.9/tex/latex/listings/listings.
sty"
\lst@mode=\count101
\lst@gtempboxa=\box27
\lst@token=\toks17
\lst@length=\count102
\lst@currlwidth=\dimen110
\lst@column=\count103
\lst@pos=\count104
\lst@lostspace=\dimen111
\lst@width=\dimen112
\lst@newlines=\count105
\lst@lineno=\count106
\lst@maxwidth=\dimen113

("C:/Users/brand/AppData/Local/Programs/MiKTeX 2.9/tex/latex/listings/lstmisc.s
ty"
File: lstmisc.sty 2015/06/04 1.6 (Carsten Heinz)
\c@lstnumber=\count107
\lst@skipnumbers=\count108
\lst@framebox=\box28
)
("C:/Users/brand/AppData/Local/Programs/MiKTeX 2.9/tex/latex/listings/listings.
cfg"
File: listings.cfg 2015/06/04 1.6 listings configuration
))
Package: listings 2015/06/04 1.6 (Carsten Heinz)

("C:/Users/brand/AppData/Local/Programs/MiKTeX 2.9/tex/latex/graphics/color.sty
"
Package: color 2016/07/10 v1.1e Standard LaTeX Color (DPC)

("C:/Users/brand/AppData/Local/Programs/MiKTeX 2.9/tex/latex/graphics-cfg/color
.cfg"
File: color.cfg 2016/01/02 v1.6 sample color configuration
)
Package color Info: Driver file: luatex.def on input line 147.
)
("C:/Users/brand/AppData/Local/Programs/MiKTeX 2.9/tex/latex/listings/lstlang1.
sty"
File: lstlang1.sty 2015/06/04 1.6 listings language file
)
("C:/Users/brand/AppData/Local/Programs/MiKTeX 2.9/tex/latex/amsmath/amsmath.st
y"
Package: amsmath 2016/11/05 v2.16a AMS math features
\@mathmargin=\skip45

For additional information on amsmath, use the `?' option.

("C:/Users/brand/AppData/Local/Programs/MiKTeX 2.9/tex/latex/amsmath/amstext.st
y"
Package: amstext 2000/06/29 v2.01 AMS text

("C:/Users/brand/AppData/Local/Programs/MiKTeX 2.9/tex/latex/amsmath/amsgen.sty
"
File: amsgen.sty 1999/11/30 v2.0 generic functions
\@emptytoks=\toks18
\ex@=\dimen114
))
("C:/Users/brand/AppData/Local/Programs/MiKTeX 2.9/tex/latex/amsmath/amsbsy.sty
"
Package: amsbsy 1999/11/29 v1.2d Bold Symbols
\pmbraise@=\dimen115
)
("C:/Users/brand/AppData/Local/Programs/MiKTeX 2.9/tex/latex/amsmath/amsopn.sty
"
Package: amsopn 2016/03/08 v2.02 operator names
)
\inf@bad=\count109
LaTeX Info: Redefining \frac on input line 213.
\uproot@=\count110
\leftroot@=\count111
LaTeX Info: Redefining \overline on input line 375.
\classnum@=\count112
\DOTSCASE@=\count113
LaTeX Info: Redefining \ldots on input line 472.
LaTeX Info: Redefining \dots on input line 475.
LaTeX Info: Redefining \cdots on input line 596.
\Mathstrutbox@=\box29
\strutbox@=\box30
\big@size=\dimen116
LaTeX Font Info:    Redeclaring font encoding OML on input line 712.
LaTeX Font Info:    Redeclaring font encoding OMS on input line 713.
\macc@depth=\count114
\c@MaxMatrixCols=\count115
\dotsspace@=\muskip11
\c@parentequation=\count116
\dspbrk@lvl=\count117
\tag@help=\toks19
\row@=\count118
\column@=\count119
\maxfields@=\count120
\andhelp@=\toks20
\eqnshift@=\dimen117
\alignsep@=\dimen118
\tagshift@=\dimen119
\tagwidth@=\dimen120
\totwidth@=\dimen121
\lineht@=\dimen122
\@envbody=\toks21
\multlinegap=\skip46
\multlinetaggap=\skip47
\mathdisplay@stack=\toks22
LaTeX Info: Redefining \[ on input line 2817.
LaTeX Info: Redefining \] on input line 2818.
) (./apcompsci.aux)
\openout1 = apcompsci.aux

LaTeX Font Info:    Checking defaults for OML/cmm/m/it on input line 42.
LaTeX Font Info:    ... okay on input line 42.
LaTeX Font Info:    Checking defaults for T1/cmr/m/n on input line 42.
LaTeX Font Info:    ... okay on input line 42.
LaTeX Font Info:    Checking defaults for OT1/cmr/m/n on input line 42.
LaTeX Font Info:    ... okay on input line 42.
LaTeX Font Info:    Checking defaults for OMS/cmsy/m/n on input line 42.
LaTeX Font Info:    ... okay on input line 42.
LaTeX Font Info:    Checking defaults for TU/lmr/m/n on input line 42.
LaTeX Font Info:    ... okay on input line 42.
LaTeX Font Info:    Checking defaults for OMX/cmex/m/n on input line 42.
LaTeX Font Info:    ... okay on input line 42.
LaTeX Font Info:    Checking defaults for U/cmr/m/n on input line 42.
LaTeX Font Info:    ... okay on input line 42.
LaTeX Font Info:    Checking defaults for PD1/pdf/m/n on input line 42.
LaTeX Font Info:    ... okay on input line 42.
\AtBeginShipoutBox=\box31
Package hyperref Info: Link coloring ON on input line 42.

("C:/Users/brand/AppData/Local/Programs/MiKTeX 2.9/tex/latex/hyperref/nameref.s
ty"
Package: nameref 2016/05/21 v2.44 Cross-referencing by name of section

("C:/Users/brand/AppData/Local/Programs/MiKTeX 2.9/tex/generic/oberdiek/gettitl
estring.sty"
Package: gettitlestring 2016/05/16 v1.5 Cleanup title references (HO)
)
\c@section@level=\count121
)
LaTeX Info: Redefining \ref on input line 42.
LaTeX Info: Redefining \pageref on input line 42.
LaTeX Info: Redefining \nameref on input line 42.
 (./apcompsci.out) (./apcompsci.out)
\@outlinefile=\write3

\openout3 = apcompsci.out

("C:/Users/brand/AppData/Local/Programs/MiKTeX 2.9/tex/context/base/supp-pdf.mk
ii"
[Loading MPS to PDF converter (version 2006.09.02).]
\scratchcounter=\count122
\scratchdimen=\dimen123
\scratchbox=\box32
\nofMPsegments=\count123
\nofMParguments=\count124
\everyMPshowfont=\toks23
\MPscratchCnt=\count125
\MPscratchDim=\dimen124
\MPnumerator=\count126
\makeMPintoPDFobject=\count127
\everyMPtoPDFconversion=\toks24
)
("C:/Users/brand/AppData/Local/Programs/MiKTeX 2.9/tex/latex/oberdiek/epstopdf-
base.sty"
Package: epstopdf-base 2016/05/15 v2.6 Base part for package epstopdf

("C:/Users/brand/AppData/Local/Programs/MiKTeX 2.9/tex/latex/oberdiek/grfext.st
y"
Package: grfext 2016/05/16 v1.2 Manage graphics extensions (HO)
)
Package epstopdf-base Info: Redefining graphics rule for `.eps' on input line 43
8.
Package grfext Info: Graphics extension search list:
(grfext)             [.png,.pdf,.jpg,.mps,.jpeg,.jbig2,.jb2,.PNG,.PDF,.JPG,.JPEG
,.JBIG2,.JB2,.eps]
(grfext)             \AppendGraphicsExtensions on input line 456.
)
\c@lstlisting=\count128
(load luc: C:/Users/brand/AppData/Local/MiKTeX/2.9/luatex-cache/generic/fonts/ot
l/lmroman17-regular.luc)(load luc: C:/Users/brand/AppData/Local/MiKTeX/2.9/luate
x-cache/generic/fonts/otl/lmroman12-regular.luc)(load luc: C:/Users/brand/AppDat
a/Local/MiKTeX/2.9/luatex-cache/generic/fonts/otl/lmroman12-bold.luc)
(./apcompsci.toc(load luc: C:/Users/brand/AppData/Local/MiKTeX/2.9/luatex-cache/
generic/fonts/otl/lmroman10-bold.luc))
\tf@toc=\write4

\openout4 = apcompsci.toc
(load luc: C:/Users/brand/AppData/Local/MiKTeX/2.9/luatex-cache/generic/fonts/ot
l/lmroman7-regular.luc) [1

{C:/Users/brand/AppData/Local/MiKTeX/2.9/pdftex/config/pdftex.map}]
<runningjavafileonterminal.png, id=152, 492.33937pt x 45.16875pt>
File: runningjavafileonterminal.png Graphic file (type png)

<use runningjavafileonterminal.png>
Package luatex.def Info: runningjavafileonterminal.png used on input line 77.
(luatex.def)             Requested size: 241.49895pt x 22.1563pt.

<helloworld.png, id=153, 321.45094pt x 110.66344pt>
File: helloworld.png Graphic file (type png)
 <use helloworld.png>
Package luatex.def Info: helloworld.png used on input line 86.
(luatex.def)             Requested size: 241.49895pt x 83.14088pt.


LaTeX Warning: `h' float specifier changed to `ht'.

[2<./runningjavafileonterminal.png>] [3<./helloworld.png>](load luc: C:/Users/br
and/AppData/Local/MiKTeX/2.9/luatex-cache/generic/fonts/otl/lmroman9-regular.luc
)(load luc: C:/Users/brand/AppData/Local/MiKTeX/2.9/luatex-cache/generic/fonts/o
tl/lmmono9-regular.luc) [4] [5] [6]
<consolewindowprint1.png, id=261, 337.26pt x 39.89906pt>
File: consolewindowprint1.png Graphic file (type png)

<use consolewindowprint1.png>
Package luatex.def Info: consolewindowprint1.png used on input line 222.
(luatex.def)             Requested size: 337.25917pt x 39.89894pt.

<consolewindowprint2.png, id=262, 72.27pt x 52.69687pt>
File: consolewindowprint2.png Graphic file (type png)

<use consolewindowprint2.png>
Package luatex.def Info: consolewindowprint2.png used on input line 238.
(luatex.def)             Requested size: 72.2698pt x 52.69673pt.
 [7<./consolewindowprint1.png><./consolewindowprint2.png>](load luc: C:/Users/br
and/AppData/Local/MiKTeX/2.9/luatex-cache/generic/fonts/otl/lmroman5-regular.luc
)
Overfull \hbox (33.8388pt too wide) in paragraph at lines 285--285
[] 
 []

[8] [9] [10] [11] [12] [13]
Overfull \hbox (3.925pt too wide) in paragraph at lines 513--514
[]\TU/lmr/m/n/10 Vari-able scope: Vari-ables out-side of ob-jects can-not have 
their value changed
 []

Package atveryend Info: Empty hook `BeforeClearDocument' on input line 516.
[14]
Package atveryend Info: Empty hook `AfterLastShipout' on input line 516.
 (./apcompsci.aux)
Package atveryend Info: Executing hook `AtVeryEndDocument' on input line 516.
Package atveryend Info: Executing hook `AtEndAfterFileList' on input line 516.
Package rerunfilecheck Info: File `apcompsci.out' has not changed.
(rerunfilecheck)             Checksum: E6CBD62CBD96EB6303A3D054369A8F79;1857.
Package atveryend Info: Empty hook `AtVeryVeryEnd' on input line 516.
)

Here is how much of LuaTeX's memory you used:
 8138 strings out of 494481
 100000,221844 words of node,token memory allocated
 453 words of node memory still in use:
   6 hlist, 2 vlist, 2 rule, 2 glue, 1 kern, 6 attribute, 51 glue_spec, 6 attrib
ute_list, 1 write nodes
   avail lists: 2:2626,3:159,4:426,5:1289,6:1433,7:1918,8:752,9:2436,10:18,11:15
4
 11697 multiletter control sequences out of 65536+200000
 49 fonts using 3526087 bytes
 28i,10n,40p,505b,815s stack positions out of 5000i,500n,10000p,200000b,50000s
<c:/users/brand/appdata/local/programs/miktex 2.9/fonts/opentype/public/lm/lmmon
o9-regular.otf><c:/users/brand/appdata/local/programs/miktex 2.9/fonts/opentype/
public/lm/lmroman7-regular.otf><c:/users/brand/appdata/local/programs/miktex 2.9
/fonts/opentype/public/lm/lmroman10-regular.otf><c:/users/brand/appdata/local/pr
ograms/miktex 2.9/fonts/opentype/public/lm/lmroman10-bold.otf><c:/users/brand/ap
pdata/local/programs/miktex 2.9/fonts/opentype/public/lm/lmroman12-bold.otf><c:/
users/brand/appdata/local/programs/miktex 2.9/fonts/opentype/public/lm/lmroman12
-regular.otf><c:/users/brand/appdata/local/programs/miktex 2.9/fonts/opentype/pu
blic/lm/lmroman17-regular.otf><C:/Users/brand/AppData/Local/Programs/MiKTeX 2.9/
fonts/type1/public/amsfonts/cm/cmmi10.pfb><C:/Users/brand/AppData/Local/Programs
/MiKTeX 2.9/fonts/type1/public/amsfonts/cm/cmr10.pfb><C:/Users/brand/AppData/Loc
al/Programs/MiKTeX 2.9/fonts/type1/public/amsfonts/cm/cmr7.pfb><C:/Users/brand/A
ppData/Local/Programs/MiKTeX 2.9/fonts/type1/public/amsfonts/cm/cmsy10.pfb>
Output written on apcompsci.pdf (14 pages, 191226 bytes).

PDF statistics: 567 PDF objects out of 1000 (max. 8388607)
 324 named destinations out of 1000 (max. 131072)
 217 words of extra memory for PDF output out of 10000 (max. 100000000)

