\BOOKMARK [1][-]{section.1}{Purpose}{}% 1
\BOOKMARK [1][-]{section.2}{Introduction}{}% 2
\BOOKMARK [2][-]{subsection.2.1}{Running Java Programs}{section.2}% 3
\BOOKMARK [3][-]{subsubsection.2.1.1}{BlueJ}{subsection.2.1}% 4
\BOOKMARK [3][-]{subsubsection.2.1.2}{Linux/Unix Terminal}{subsection.2.1}% 5
\BOOKMARK [3][-]{subsubsection.2.1.3}{The .java file}{subsection.2.1}% 6
\BOOKMARK [1][-]{section.3}{Java Basics}{}% 7
\BOOKMARK [2][-]{subsection.3.1}{Introduction}{section.3}% 8
\BOOKMARK [3][-]{subsubsection.3.1.1}{bits}{subsection.3.1}% 9
\BOOKMARK [2][-]{subsection.3.2}{Data Types}{section.3}% 10
\BOOKMARK [3][-]{subsubsection.3.2.1}{Primitives}{subsection.3.2}% 11
\BOOKMARK [3][-]{subsubsection.3.2.2}{Declaring and Converting Primitives}{subsection.3.2}% 12
\BOOKMARK [3][-]{subsubsection.3.2.3}{Objects}{subsection.3.2}% 13
\BOOKMARK [3][-]{subsubsection.3.2.4}{Declaring Objects}{subsection.3.2}% 14
\BOOKMARK [3][-]{subsubsection.3.2.5}{Arrays and the ArrayList}{subsection.3.2}% 15
\BOOKMARK [2][-]{subsection.3.3}{Operations}{section.3}% 16
\BOOKMARK [3][-]{subsubsection.3.3.1}{System.out.print\(String\)}{subsection.3.3}% 17
\BOOKMARK [3][-]{subsubsection.3.3.2}{Mathematical Operations}{subsection.3.3}% 18
\BOOKMARK [3][-]{subsubsection.3.3.3}{Modulo}{subsection.3.3}% 19
\BOOKMARK [2][-]{subsection.3.4}{Control Structure}{section.3}% 20
\BOOKMARK [3][-]{subsubsection.3.4.1}{Boolean Operations}{subsection.3.4}% 21
\BOOKMARK [3][-]{subsubsection.3.4.2}{If,If-Else, Else}{subsection.3.4}% 22
\BOOKMARK [3][-]{subsubsection.3.4.3}{Loops}{subsection.3.4}% 23
\BOOKMARK [3][-]{subsubsection.3.4.4}{Nested Loops}{subsection.3.4}% 24
\BOOKMARK [2][-]{subsection.3.5}{Questions}{section.3}% 25
\BOOKMARK [1][-]{section.4}{Classes and Objects}{}% 26
\BOOKMARK [2][-]{subsection.4.1}{Why use objects?}{section.4}% 27
